Traceback (most recent call last):
  File "/var/www/makler_bot/run.py", line 8, in <module>
    from admin_handlers import router as admin_router
  File "/var/www/makler_bot/admin_handlers.py", line 15, in <module>
    from functions.admin import admin_config,channel_config,reklama,kino
  File "/var/www/makler_bot/functions/admin/kino.py", line 48
    elif message.text == "Ortga":
                                 ^
IndentationError: unindent does not match any outer indentation level
Traceback (most recent call last):
  File "/var/www/makler_bot/run.py", line 8, in <module>
    from admin_handlers import router as admin_router
  File "/var/www/makler_bot/admin_handlers.py", line 15, in <module>
    from functions.admin import admin_config,channel_config,reklama,kino
  File "/var/www/makler_bot/functions/admin/kino.py", line 48
    elif message.text == "Ortga":
                                 ^
IndentationError: unindent does not match any outer indentation level
Traceback (most recent call last):
  File "/var/www/makler_bot/run.py", line 8, in <module>
    from admin_handlers import router as admin_router
  File "/var/www/makler_bot/admin_handlers.py", line 15, in <module>
    from functions.admin import admin_config,channel_config,reklama,kino
  File "/var/www/makler_bot/functions/admin/kino.py", line 48
    elif message.text == "Ortga":
                                 ^
IndentationError: unindent does not match any outer indentation level
Traceback (most recent call last):
  File "/var/www/makler_bot/run.py", line 8, in <module>
    from admin_handlers import router as admin_router
  File "/var/www/makler_bot/admin_handlers.py", line 15, in <module>
    from functions.admin import admin_config,channel_config,reklama,kino
  File "/var/www/makler_bot/functions/admin/kino.py", line 48
    elif message.text == "Ortga":
                                 ^
IndentationError: unindent does not match any outer indentation level
Traceback (most recent call last):
  File "/var/www/makler_bot/run.py", line 8, in <module>
    from admin_handlers import router as admin_router
  File "/var/www/makler_bot/admin_handlers.py", line 15, in <module>
    from functions.admin import admin_config,channel_config,reklama,kino
  File "/var/www/makler_bot/functions/admin/kino.py", line 48
    elif message.text == "Ortga":
                                 ^
IndentationError: unindent does not match any outer indentation level
Traceback (most recent call last):
  File "/var/www/makler_bot/run.py", line 8, in <module>
    from admin_handlers import router as admin_router
  File "/var/www/makler_bot/admin_handlers.py", line 15, in <module>
    from functions.admin import admin_config,channel_config,reklama,kino
  File "/var/www/makler_bot/functions/admin/kino.py", line 48
    elif message.text == "Ortga":
                                 ^
IndentationError: unindent does not match any outer indentation level
Traceback (most recent call last):
  File "/var/www/makler_bot/run.py", line 8, in <module>
    from admin_handlers import router as admin_router
  File "/var/www/makler_bot/admin_handlers.py", line 15, in <module>
    from functions.admin import admin_config,channel_config,reklama,kino
  File "/var/www/makler_bot/functions/admin/kino.py", line 48
    elif message.text == "Ortga":
                                 ^
IndentationError: unindent does not match any outer indentation level
Traceback (most recent call last):
  File "/var/www/makler_bot/run.py", line 8, in <module>
    from admin_handlers import router as admin_router
  File "/var/www/makler_bot/admin_handlers.py", line 15, in <module>
    from functions.admin import admin_config,channel_config,reklama,kino
  File "/var/www/makler_bot/functions/admin/kino.py", line 48
    elif message.text == "Ortga":
                                 ^
IndentationError: unindent does not match any outer indentation level
Traceback (most recent call last):
  File "/var/www/makler_bot/run.py", line 8, in <module>
    from admin_handlers import router as admin_router
  File "/var/www/makler_bot/admin_handlers.py", line 15, in <module>
    from functions.admin import admin_config,channel_config,reklama,kino
  File "/var/www/makler_bot/functions/admin/kino.py", line 48
    elif message.text == "Ortga":
                                 ^
IndentationError: unindent does not match any outer indentation level
Traceback (most recent call last):
  File "/var/www/makler_bot/run.py", line 8, in <module>
    from admin_handlers import router as admin_router
  File "/var/www/makler_bot/admin_handlers.py", line 15, in <module>
    from functions.admin import admin_config,channel_config,reklama,kino
  File "/var/www/makler_bot/functions/admin/kino.py", line 48
    elif message.text == "Ortga":
                                 ^
IndentationError: unindent does not match any outer indentation level
Traceback (most recent call last):
  File "/var/www/makler_bot/run.py", line 8, in <module>
    from admin_handlers import router as admin_router
  File "/var/www/makler_bot/admin_handlers.py", line 15, in <module>
    from functions.admin import admin_config,channel_config,reklama,kino
  File "/var/www/makler_bot/functions/admin/kino.py", line 48
    elif message.text == "Ortga":
                                 ^
IndentationError: unindent does not match any outer indentation level
Traceback (most recent call last):
  File "/var/www/makler_bot/run.py", line 8, in <module>
    from admin_handlers import router as admin_router
  File "/var/www/makler_bot/admin_handlers.py", line 15, in <module>
    from functions.admin import admin_config,channel_config,reklama,kino
  File "/var/www/makler_bot/functions/admin/kino.py", line 48
    elif message.text == "Ortga":
                                 ^
IndentationError: unindent does not match any outer indentation level
